c:\src\fun\tmp\debug.x64.mql\vc141.pdb
c:\src\fun\tmp\debug.x64.mql\vc141.idb
c:\src\fun\tmp\debug.x64.mql\symbol.obj
c:\src\fun\tmp\debug.x64.mql\parser.obj
c:\src\fun\tmp\debug.x64.mql\operator.obj
c:\src\fun\tmp\debug.x64.mql\symboltest.obj
c:\src\fun\tmp\debug.x64.mql\parsertest.obj
c:\src\fun\tmp\debug.x64.mql\operatortest.obj
c:\src\fun\tmp\debug.x64.mql\gridtest.obj
c:\src\fun\bin\mql.debug.x64.exe
c:\src\fun\bin\mql.debug.x64.ilk
c:\src\fun\bin\mql.debug.x64.pdb
c:\src\fun\visualstudio\..\bin\mql.debug.x64.pdb
c:\src\fun\visualstudio\..\bin\mql.debug.x64.exe
c:\src\fun\visualstudio\..\bin\mql.debug.x64.ilk
c:\src\fun\tmp\debug.x64.mql\mql.tlog\cl.command.1.tlog
c:\src\fun\tmp\debug.x64.mql\mql.tlog\cl.read.1.tlog
c:\src\fun\tmp\debug.x64.mql\mql.tlog\cl.write.1.tlog
c:\src\fun\tmp\debug.x64.mql\mql.tlog\link.command.1.tlog
c:\src\fun\tmp\debug.x64.mql\mql.tlog\link.read.1.tlog
c:\src\fun\tmp\debug.x64.mql\mql.tlog\link.write.1.tlog
