  GridTest.cpp
  Operator.cpp
  OperatorRegistry.cpp
  OperatorRegistryTest.cpp
  OperatorTest.cpp
  Value.cpp
  Generating Code...
  ParserTest.cpp
  Parser.cpp
C:\Src\Fun\src\MQL\Parser.cpp(52,23): error C2653: 'Operator': is not a class or namespace name
C:\Src\Fun\src\MQL\Parser.cpp(52,40): error C2664: 'std::vector<IOperatorPtr,std::allocator<IOperatorPtr>> Parser::Parse(const std::string &)': cannot convert argument 1 from 'const char' to 'const std::string &'
C:\Src\Fun\src\MQL\Parser.cpp(52,40): message : Reason: cannot convert from 'const char' to 'const std::string'
C:\Src\Fun\src\MQL\Parser.cpp(52,40): message : No constructor could take the source type, or constructor overload resolution was ambiguous
C:\Src\Fun\src\MQL\Parser.cpp(41,35): message : see declaration of 'Parser::Parse'
C:\Src\Fun\src\MQL\Parser.cpp(53,16): error C3536: 'op': cannot be used before it is initialized
C:\Src\Fun\src\MQL\Parser.cpp(55,17): error C3861: 'StoreToken': identifier not found
C:\Src\Fun\src\MQL\Parser.cpp(56,17): error C3861: 'StoreOperator': identifier not found
C:\Src\Fun\src\MQL\Parser.cpp(66,21): error C3861: 'StoreToken': identifier not found
C:\Src\Fun\src\MQL\Parser.cpp(69,21): error C3861: 'StoreToken': identifier not found
C:\Src\Fun\src\MQL\Parser.cpp(73,21): error C3861: 'StoreToken': identifier not found
C:\Src\Fun\src\MQL\Parser.cpp(83,9): error C2360: initialization of 'op' is skipped by 'case' label
C:\Src\Fun\src\MQL\Parser.cpp(52): message : see declaration of 'op'
C:\Src\Fun\src\MQL\Parser.cpp(87,9): error C2360: initialization of 'op' is skipped by 'case' label
C:\Src\Fun\src\MQL\Parser.cpp(52): message : see declaration of 'op'
  Generating Code...
