c:\src\fun\tmp\debug.win32.mql\vc141.pdb
c:\src\fun\tmp\debug.win32.mql\vc141.idb
c:\src\fun\tmp\debug.win32.mql\symboltest.obj
c:\src\fun\tmp\debug.win32.mql\symbol.obj
c:\src\fun\tmp\debug.win32.mql\parsertest.obj
c:\src\fun\tmp\debug.win32.mql\operatortest.obj
c:\src\fun\tmp\debug.win32.mql\operator.obj
c:\src\fun\tmp\debug.win32.mql\gridtest.obj
c:\src\fun\tmp\debug.win32.mql\vc142.pdb
c:\src\fun\tmp\debug.win32.mql\vc142.idb
c:\src\fun\tmp\debug.win32.mql\parser.obj
c:\src\fun\tmp\debug.win32.mql\operatorregistry.obj
c:\src\fun\tmp\debug.win32.mql\value.obj
c:\src\fun\tmp\debug.win32.mql\operatorregistrytest.obj
c:\src\fun\bin\mql.debug.win32.exe
c:\src\fun\bin\mql.debug.win32.ilk
c:\src\fun\bin\mql.debug.win32.pdb
c:\src\fun\visualstudio\..\bin\mql.debug.win32.pdb
c:\src\fun\visualstudio\..\bin\mql.debug.win32.ilk
c:\src\fun\tmp\debug.win32.mql\mql.tlog\cl.command.1.tlog
c:\src\fun\tmp\debug.win32.mql\mql.tlog\cl.read.1.tlog
c:\src\fun\tmp\debug.win32.mql\mql.tlog\cl.write.1.tlog
c:\src\fun\tmp\debug.win32.mql\mql.tlog\link.command.1.tlog
c:\src\fun\tmp\debug.win32.mql\mql.tlog\link.read.1.tlog
c:\src\fun\tmp\debug.win32.mql\mql.tlog\link.write.1.tlog
